<?xml version="1.0" encoding="UTF-8"?>
<coverage generated="1764743499664" clover="3.2.0">
  <project timestamp="1764743499664" name="All files">
    <metrics statements="15" coveredstatements="14" conditionals="16" coveredconditionals="15" methods="2" coveredmethods="2" elements="33" coveredelements="31" complexity="0" loc="15" ncloc="15" packages="1" files="1" classes="1"/>
    <file name="orderUtils.js" path="C:\Users\huynh\OneDrive\Desktop\Programming\WEBSITE CNPM\Backend\utils\orderUtils.js">
      <metrics statements="15" coveredstatements="14" conditionals="16" coveredconditionals="15" methods="2" coveredmethods="2"/>
      <line num="6" count="3" type="cond" truecount="4" falsecount="0"/>
      <line num="7" count="1" type="stmt"/>
      <line num="10" count="2" type="stmt"/>
      <line num="11" count="2" type="stmt"/>
      <line num="13" count="3" type="cond" truecount="4" falsecount="0"/>
      <line num="14" count="1" type="stmt"/>
      <line num="16" count="2" type="stmt"/>
      <line num="18" count="1" type="stmt"/>
      <line num="27" count="2" type="cond" truecount="4" falsecount="0"/>
      <line num="28" count="1" type="stmt"/>
      <line num="32" count="1" type="stmt"/>
      <line num="33" count="1" type="cond" truecount="3" falsecount="1"/>
      <line num="34" count="0" type="stmt"/>
      <line num="38" count="1" type="stmt"/>
      <line num="41" count="1" type="stmt"/>
    </file>
  </project>
</coverage>
