TN:
SF:utils\orderUtils.js
FN:5,calculateTotal
FN:25,validateOrderInput
FNF:2
FNH:2
FNDA:3,calculateTotal
FNDA:2,validateOrderInput
DA:6,3
DA:7,1
DA:10,2
DA:11,2
DA:13,3
DA:14,1
DA:16,2
DA:18,1
DA:27,2
DA:28,1
DA:32,1
DA:33,1
DA:34,0
DA:38,1
DA:41,1
LF:15
LH:14
BRDA:6,0,0,1
BRDA:6,0,1,2
BRDA:6,1,0,3
BRDA:6,1,1,3
BRDA:13,2,0,1
BRDA:13,2,1,2
BRDA:13,3,0,3
BRDA:13,3,1,2
BRDA:27,4,0,1
BRDA:27,4,1,1
BRDA:27,5,0,2
BRDA:27,5,1,1
BRDA:33,6,0,0
BRDA:33,6,1,1
BRDA:33,7,0,1
BRDA:33,7,1,1
BRF:16
BRH:15
end_of_record
